{"/Users/russellgrocott/Projects/kineo-analytics/frontend/src/components/layout/AppLayout.tsx": {"path":"/Users/russellgrocott/Projects/kineo-analytics/frontend/src/components/layout/AppLayout.tsx","statementMap":{"0":{"start":{"line":12,"column":20},"end":{"line":12,"column":32}},"1":{"start":{"line":13,"column":30},"end":{"line":13,"column":48}},"2":{"start":{"line":15,"column":2},"end":{"line":31,"column":3}}},"fnMap":{"0":{"name":"AppLayout","decl":{"start":{"line":11,"column":24},"end":{"line":11,"column":33}},"loc":{"start":{"line":11,"column":64},"end":{"line":32,"column":1}},"line":11}},"branchMap":{"0":{"loc":{"start":{"line":16,"column":36},"end":{"line":16,"column":66}},"type":"cond-expr","locations":[{"start":{"line":16,"column":55},"end":{"line":16,"column":61}},{"start":{"line":16,"column":64},"end":{"line":16,"column":66}}],"line":16},"1":{"loc":{"start":{"line":20,"column":11},"end":{"line":24,"column":11}},"type":"binary-expr","locations":[{"start":{"line":20,"column":11},"end":{"line":20,"column":26}},{"start":{"line":21,"column":12},"end":{"line":23,"column":18}}],"line":20}},"s":{"0":0,"1":0,"2":0},"f":{"0":0},"b":{"0":[0,0],"1":[0,0]}}
,"/Users/russellgrocott/Projects/kineo-analytics/frontend/src/components/layout/CustomerContainer.tsx": {"path":"/Users/russellgrocott/Projects/kineo-analytics/frontend/src/components/layout/CustomerContainer.tsx","statementMap":{"0":{"start":{"line":7,"column":2},"end":{"line":11,"column":3}}},"fnMap":{"0":{"name":"CustomerContainer","decl":{"start":{"line":6,"column":24},"end":{"line":6,"column":41}},"loc":{"start":{"line":6,"column":92},"end":{"line":12,"column":1}},"line":6}},"branchMap":{},"s":{"0":0},"f":{"0":0},"b":{}}
,"/Users/russellgrocott/Projects/kineo-analytics/frontend/src/components/layout/DashboardHeader.tsx": {"path":"/Users/russellgrocott/Projects/kineo-analytics/frontend/src/components/layout/DashboardHeader.tsx","statementMap":{"0":{"start":{"line":12,"column":19},"end":{"line":12,"column":33}},"1":{"start":{"line":13,"column":33},"end":{"line":13,"column":45}},"2":{"start":{"line":15,"column":2},"end":{"line":57,"column":3}}},"fnMap":{"0":{"name":"DashboardHeader","decl":{"start":{"line":11,"column":24},"end":{"line":11,"column":39}},"loc":{"start":{"line":11,"column":94},"end":{"line":58,"column":1}},"line":11}},"branchMap":{"0":{"loc":{"start":{"line":11,"column":49},"end":{"line":11,"column":68}},"type":"default-arg","locations":[{"start":{"line":11,"column":64},"end":{"line":11,"column":68}}],"line":11},"1":{"loc":{"start":{"line":26,"column":39},"end":{"line":26,"column":75}},"type":"cond-expr","locations":[{"start":{"line":26,"column":59},"end":{"line":26,"column":65}},{"start":{"line":26,"column":68},"end":{"line":26,"column":75}}],"line":26},"2":{"loc":{"start":{"line":28,"column":15},"end":{"line":36,"column":15}},"type":"cond-expr","locations":[{"start":{"line":29,"column":16},"end":{"line":31,"column":22}},{"start":{"line":33,"column":16},"end":{"line":35,"column":22}}],"line":28},"3":{"loc":{"start":{"line":40,"column":13},"end":{"line":52,"column":13}},"type":"binary-expr","locations":[{"start":{"line":40,"column":13},"end":{"line":40,"column":25}},{"start":{"line":40,"column":29},"end":{"line":40,"column":33}},{"start":{"line":41,"column":14},"end":{"line":51,"column":20}}],"line":40},"4":{"loc":{"start":{"line":48,"column":21},"end":{"line":48,"column":63}},"type":"binary-expr","locations":[{"start":{"line":48,"column":21},"end":{"line":48,"column":56}},{"start":{"line":48,"column":60},"end":{"line":48,"column":63}}],"line":48}},"s":{"0":0,"1":0,"2":0},"f":{"0":0},"b":{"0":[0],"1":[0,0],"2":[0,0],"3":[0,0,0],"4":[0,0]}}
,"/Users/russellgrocott/Projects/kineo-analytics/frontend/src/components/layout/Sidebar.tsx": {"path":"/Users/russellgrocott/Projects/kineo-analytics/frontend/src/components/layout/Sidebar.tsx","statementMap":{"0":{"start":{"line":11,"column":46},"end":{"line":11,"column":58}},"1":{"start":{"line":12,"column":22},"end":{"line":12,"column":38}},"2":{"start":{"line":13,"column":21},"end":{"line":18,"column":3}},"3":{"start":{"line":20,"column":2},"end":{"line":54,"column":3}},"4":{"start":{"line":42,"column":10},"end":{"line":50,"column":17}}},"fnMap":{"0":{"name":"Sidebar","decl":{"start":{"line":10,"column":24},"end":{"line":10,"column":31}},"loc":{"start":{"line":10,"column":66},"end":{"line":55,"column":1}},"line":10},"1":{"name":"(anonymous_1)","decl":{"start":{"line":41,"column":24},"end":{"line":41,"column":25}},"loc":{"start":{"line":42,"column":10},"end":{"line":50,"column":17}},"line":42}},"branchMap":{"0":{"loc":{"start":{"line":10,"column":34},"end":{"line":10,"column":48}},"type":"default-arg","locations":[{"start":{"line":10,"column":46},"end":{"line":10,"column":48}}],"line":10},"1":{"loc":{"start":{"line":21,"column":35},"end":{"line":21,"column":64}},"type":"cond-expr","locations":[{"start":{"line":21,"column":49},"end":{"line":21,"column":55}},{"start":{"line":21,"column":58},"end":{"line":21,"column":64}}],"line":21},"2":{"loc":{"start":{"line":23,"column":47},"end":{"line":23,"column":79}},"type":"cond-expr","locations":[{"start":{"line":23,"column":61},"end":{"line":23,"column":69}},{"start":{"line":23,"column":72},"end":{"line":23,"column":79}}],"line":23},"3":{"loc":{"start":{"line":29,"column":22},"end":{"line":29,"column":73}},"type":"cond-expr","locations":[{"start":{"line":29,"column":36},"end":{"line":29,"column":52}},{"start":{"line":29,"column":55},"end":{"line":29,"column":73}}],"line":29},"4":{"loc":{"start":{"line":32,"column":13},"end":{"line":36,"column":13}},"type":"cond-expr","locations":[{"start":{"line":33,"column":14},"end":{"line":33,"column":100}},{"start":{"line":35,"column":14},"end":{"line":35,"column":103}}],"line":32},"5":{"loc":{"start":{"line":46,"column":14},"end":{"line":46,"column":58}},"type":"cond-expr","locations":[{"start":{"line":46,"column":29},"end":{"line":46,"column":53}},{"start":{"line":46,"column":56},"end":{"line":46,"column":58}}],"line":46},"6":{"loc":{"start":{"line":49,"column":13},"end":{"line":49,"column":51}},"type":"cond-expr","locations":[{"start":{"line":49,"column":27},"end":{"line":49,"column":39}},{"start":{"line":49,"column":42},"end":{"line":49,"column":51}}],"line":49}},"s":{"0":0,"1":0,"2":0,"3":0,"4":0},"f":{"0":0,"1":0},"b":{"0":[0],"1":[0,0],"2":[0,0],"3":[0,0],"4":[0,0],"5":[0,0],"6":[0,0]}}
,"/Users/russellgrocott/Projects/kineo-analytics/frontend/src/contexts/CustomerContext.tsx": {"path":"/Users/russellgrocott/Projects/kineo-analytics/frontend/src/contexts/CustomerContext.tsx","statementMap":{"0":{"start":{"line":12,"column":24},"end":{"line":12,"column":81}},"1":{"start":{"line":16,"column":73},"end":{"line":16,"column":91}},"2":{"start":{"line":18,"column":2},"end":{"line":22,"column":3}},"3":{"start":{"line":26,"column":18},"end":{"line":26,"column":45}},"4":{"start":{"line":27,"column":2},"end":{"line":29,"column":3}},"5":{"start":{"line":28,"column":4},"end":{"line":28,"column":73}},"6":{"start":{"line":30,"column":2},"end":{"line":30,"column":16}}},"fnMap":{"0":{"name":"CustomerProvider","decl":{"start":{"line":14,"column":16},"end":{"line":14,"column":32}},"loc":{"start":{"line":14,"column":72},"end":{"line":23,"column":1}},"line":14},"1":{"name":"useCustomer","decl":{"start":{"line":25,"column":16},"end":{"line":25,"column":27}},"loc":{"start":{"line":25,"column":30},"end":{"line":31,"column":1}},"line":25}},"branchMap":{"0":{"loc":{"start":{"line":27,"column":2},"end":{"line":29,"column":3}},"type":"if","locations":[{"start":{"line":27,"column":2},"end":{"line":29,"column":3}},{"start":{},"end":{}}],"line":27}},"s":{"0":0,"1":0,"2":0,"3":0,"4":0,"5":0,"6":0},"f":{"0":0,"1":0},"b":{"0":[0,0]}}
,"/Users/russellgrocott/Projects/kineo-analytics/frontend/src/hooks/useCustomer.ts": {"path":"/Users/russellgrocott/Projects/kineo-analytics/frontend/src/hooks/useCustomer.ts","statementMap":{"0":{"start":{"line":3,"column":27},"end":{"line":5,"column":1}},"1":{"start":{"line":4,"column":2},"end":{"line":4,"column":29}}},"fnMap":{"0":{"name":"(anonymous_0)","decl":{"start":{"line":3,"column":27},"end":{"line":3,"column":28}},"loc":{"start":{"line":3,"column":33},"end":{"line":5,"column":1}},"line":3}},"branchMap":{},"s":{"0":0,"1":0},"f":{"0":0},"b":{}}
,"/Users/russellgrocott/Projects/kineo-analytics/frontend/src/hooks/useCustomerAuth.ts": {"path":"/Users/russellgrocott/Projects/kineo-analytics/frontend/src/hooks/useCustomerAuth.ts","statementMap":{"0":{"start":{"line":4,"column":31},"end":{"line":15,"column":1}},"1":{"start":{"line":5,"column":51},"end":{"line":5,"column":65}},"2":{"start":{"line":6,"column":30},"end":{"line":6,"column":48}},"3":{"start":{"line":8,"column":2},"end":{"line":14,"column":3}}},"fnMap":{"0":{"name":"(anonymous_0)","decl":{"start":{"line":4,"column":31},"end":{"line":4,"column":32}},"loc":{"start":{"line":4,"column":37},"end":{"line":15,"column":1}},"line":4}},"branchMap":{},"s":{"0":0,"1":0,"2":0,"3":0},"f":{"0":0},"b":{}}
,"/Users/russellgrocott/Projects/kineo-analytics/frontend/src/hooks/useCustomerData.ts": {"path":"/Users/russellgrocott/Projects/kineo-analytics/frontend/src/hooks/useCustomerData.ts","statementMap":{"0":{"start":{"line":3,"column":31},"end":{"line":23,"column":1}},"1":{"start":{"line":12,"column":6},"end":{"line":12,"column":24}},"2":{"start":{"line":14,"column":2},"end":{"line":22,"column":3}}},"fnMap":{"0":{"name":"(anonymous_0)","decl":{"start":{"line":3,"column":31},"end":{"line":3,"column":32}},"loc":{"start":{"line":3,"column":37},"end":{"line":23,"column":1}},"line":3}},"branchMap":{},"s":{"0":0,"1":0,"2":0},"f":{"0":0},"b":{}}
,"/Users/russellgrocott/Projects/kineo-analytics/frontend/src/stores/auth-store.ts": {"path":"/Users/russellgrocott/Projects/kineo-analytics/frontend/src/stores/auth-store.ts","statementMap":{"0":{"start":{"line":5,"column":21},"end":{"line":105,"column":1}},"1":{"start":{"line":8,"column":21},"end":{"line":92,"column":7}},"2":{"start":{"line":19,"column":10},"end":{"line":26,"column":33}},"3":{"start":{"line":30,"column":10},"end":{"line":37,"column":34}},"4":{"start":{"line":41,"column":35},"end":{"line":41,"column":40}},"5":{"start":{"line":42,"column":10},"end":{"line":45,"column":11}},"6":{"start":{"line":43,"column":12},"end":{"line":43,"column":26}},"7":{"start":{"line":44,"column":12},"end":{"line":44,"column":18}},"8":{"start":{"line":47,"column":10},"end":{"line":47,"column":63}},"9":{"start":{"line":49,"column":10},"end":{"line":77,"column":11}},"10":{"start":{"line":51,"column":29},"end":{"line":57,"column":14}},"11":{"start":{"line":59,"column":12},"end":{"line":61,"column":13}},"12":{"start":{"line":60,"column":14},"end":{"line":60,"column":53}},"13":{"start":{"line":63,"column":25},"end":{"line":63,"column":46}},"14":{"start":{"line":65,"column":12},"end":{"line":70,"column":45}},"15":{"start":{"line":72,"column":12},"end":{"line":75,"column":43}},"16":{"start":{"line":76,"column":12},"end":{"line":76,"column":26}},"17":{"start":{"line":81,"column":10},"end":{"line":81,"column":57}},"18":{"start":{"line":85,"column":27},"end":{"line":85,"column":32}},"19":{"start":{"line":86,"column":10},"end":{"line":86,"column":27}},"20":{"start":{"line":86,"column":21},"end":{"line":86,"column":27}},"21":{"start":{"line":88,"column":10},"end":{"line":90,"column":39}},"22":{"start":{"line":95,"column":32},"end":{"line":100,"column":9}}},"fnMap":{"0":{"name":"(anonymous_0)","decl":{"start":{"line":8,"column":6},"end":{"line":8,"column":7}},"loc":{"start":{"line":8,"column":21},"end":{"line":92,"column":7}},"line":8},"1":{"name":"(anonymous_1)","decl":{"start":{"line":18,"column":15},"end":{"line":18,"column":16}},"loc":{"start":{"line":18,"column":68},"end":{"line":27,"column":9}},"line":18},"2":{"name":"(anonymous_2)","decl":{"start":{"line":29,"column":16},"end":{"line":29,"column":17}},"loc":{"start":{"line":29,"column":22},"end":{"line":38,"column":9}},"line":29},"3":{"name":"(anonymous_3)","decl":{"start":{"line":40,"column":21},"end":{"line":40,"column":22}},"loc":{"start":{"line":40,"column":33},"end":{"line":78,"column":9}},"line":40},"4":{"name":"(anonymous_4)","decl":{"start":{"line":80,"column":20},"end":{"line":80,"column":21}},"loc":{"start":{"line":80,"column":26},"end":{"line":82,"column":9}},"line":80},"5":{"name":"(anonymous_5)","decl":{"start":{"line":84,"column":20},"end":{"line":84,"column":21}},"loc":{"start":{"line":84,"column":51},"end":{"line":91,"column":9}},"line":84},"6":{"name":"(anonymous_6)","decl":{"start":{"line":95,"column":20},"end":{"line":95,"column":21}},"loc":{"start":{"line":95,"column":32},"end":{"line":100,"column":9}},"line":95}},"branchMap":{"0":{"loc":{"start":{"line":42,"column":10},"end":{"line":45,"column":11}},"type":"if","locations":[{"start":{"line":42,"column":10},"end":{"line":45,"column":11}},{"start":{},"end":{}}],"line":42},"1":{"loc":{"start":{"line":59,"column":12},"end":{"line":61,"column":13}},"type":"if","locations":[{"start":{"line":59,"column":12},"end":{"line":61,"column":13}},{"start":{},"end":{}}],"line":59},"2":{"loc":{"start":{"line":73,"column":21},"end":{"line":73,"column":77}},"type":"cond-expr","locations":[{"start":{"line":73,"column":46},"end":{"line":73,"column":59}},{"start":{"line":73,"column":62},"end":{"line":73,"column":77}}],"line":73},"3":{"loc":{"start":{"line":86,"column":10},"end":{"line":86,"column":27}},"type":"if","locations":[{"start":{"line":86,"column":10},"end":{"line":86,"column":27}},{"start":{},"end":{}}],"line":86}},"s":{"0":1,"1":1,"2":1,"3":0,"4":0,"5":0,"6":0,"7":0,"8":0,"9":0,"10":0,"11":0,"12":0,"13":0,"14":0,"15":0,"16":0,"17":0,"18":0,"19":0,"20":0,"21":0,"22":1},"f":{"0":1,"1":1,"2":0,"3":0,"4":0,"5":0,"6":1},"b":{"0":[0,0],"1":[0,0],"2":[0,0],"3":[0,0]},"_coverageSchema":"1a1c01bbd47fc00a2c39e90264f33305004495a9","hash":"346d95254a6d374ea141052a71f50adf99f8358d"}
,"/Users/russellgrocott/Projects/kineo-analytics/frontend/src/stores/customer-store.ts": {"path":"/Users/russellgrocott/Projects/kineo-analytics/frontend/src/stores/customer-store.ts","statementMap":{"0":{"start":{"line":6,"column":25},"end":{"line":110,"column":1}},"1":{"start":{"line":9,"column":21},"end":{"line":99,"column":7}},"2":{"start":{"line":18,"column":10},"end":{"line":23,"column":11}},"3":{"start":{"line":19,"column":12},"end":{"line":21,"column":45}},"4":{"start":{"line":22,"column":12},"end":{"line":22,"column":18}},"5":{"start":{"line":25,"column":10},"end":{"line":28,"column":43}},"6":{"start":{"line":32,"column":10},"end":{"line":32,"column":77}},"7":{"start":{"line":34,"column":10},"end":{"line":61,"column":11}},"8":{"start":{"line":36,"column":29},"end":{"line":36,"column":58}},"9":{"start":{"line":38,"column":12},"end":{"line":40,"column":13}},"10":{"start":{"line":39,"column":14},"end":{"line":39,"column":57}},"11":{"start":{"line":42,"column":42},"end":{"line":42,"column":63}},"12":{"start":{"line":45,"column":35},"end":{"line":45,"column":73}},"13":{"start":{"line":47,"column":12},"end":{"line":49,"column":13}},"14":{"start":{"line":48,"column":14},"end":{"line":48,"column":77}},"15":{"start":{"line":51,"column":12},"end":{"line":55,"column":46}},"16":{"start":{"line":57,"column":12},"end":{"line":60,"column":44}},"17":{"start":{"line":65,"column":32},"end":{"line":65,"column":37}},"18":{"start":{"line":66,"column":27},"end":{"line":66,"column":67}},"19":{"start":{"line":66,"column":47},"end":{"line":66,"column":66}},"20":{"start":{"line":68,"column":10},"end":{"line":73,"column":11}},"21":{"start":{"line":69,"column":12},"end":{"line":71,"column":50}},"22":{"start":{"line":72,"column":12},"end":{"line":72,"column":18}},"23":{"start":{"line":75,"column":10},"end":{"line":75,"column":66}},"24":{"start":{"line":77,"column":10},"end":{"line":88,"column":11}},"25":{"start":{"line":80,"column":12},"end":{"line":80,"column":46}},"26":{"start":{"line":82,"column":12},"end":{"line":82,"column":71}},"27":{"start":{"line":84,"column":12},"end":{"line":87,"column":46}},"28":{"start":{"line":92,"column":10},"end":{"line":97,"column":37}},"29":{"start":{"line":102,"column":32},"end":{"line":105,"column":9}}},"fnMap":{"0":{"name":"(anonymous_0)","decl":{"start":{"line":9,"column":6},"end":{"line":9,"column":7}},"loc":{"start":{"line":9,"column":21},"end":{"line":99,"column":7}},"line":9},"1":{"name":"(anonymous_1)","decl":{"start":{"line":17,"column":28},"end":{"line":17,"column":29}},"loc":{"start":{"line":17,"column":59},"end":{"line":29,"column":9}},"line":17},"2":{"name":"(anonymous_2)","decl":{"start":{"line":31,"column":23},"end":{"line":31,"column":24}},"loc":{"start":{"line":31,"column":35},"end":{"line":62,"column":9}},"line":31},"3":{"name":"(anonymous_3)","decl":{"start":{"line":64,"column":24},"end":{"line":64,"column":25}},"loc":{"start":{"line":64,"column":54},"end":{"line":89,"column":9}},"line":64},"4":{"name":"(anonymous_4)","decl":{"start":{"line":66,"column":42},"end":{"line":66,"column":43}},"loc":{"start":{"line":66,"column":47},"end":{"line":66,"column":66}},"line":66},"5":{"name":"(anonymous_5)","decl":{"start":{"line":91,"column":27},"end":{"line":91,"column":28}},"loc":{"start":{"line":91,"column":33},"end":{"line":98,"column":9}},"line":91},"6":{"name":"(anonymous_6)","decl":{"start":{"line":102,"column":20},"end":{"line":102,"column":21}},"loc":{"start":{"line":102,"column":32},"end":{"line":105,"column":9}},"line":102}},"branchMap":{"0":{"loc":{"start":{"line":18,"column":10},"end":{"line":23,"column":11}},"type":"if","locations":[{"start":{"line":18,"column":10},"end":{"line":23,"column":11}},{"start":{},"end":{}}],"line":18},"1":{"loc":{"start":{"line":18,"column":14},"end":{"line":18,"column":57}},"type":"binary-expr","locations":[{"start":{"line":18,"column":14},"end":{"line":18,"column":22}},{"start":{"line":18,"column":26},"end":{"line":18,"column":57}}],"line":18},"2":{"loc":{"start":{"line":38,"column":12},"end":{"line":40,"column":13}},"type":"if","locations":[{"start":{"line":38,"column":12},"end":{"line":40,"column":13}},{"start":{},"end":{}}],"line":38},"3":{"loc":{"start":{"line":47,"column":12},"end":{"line":49,"column":13}},"type":"if","locations":[{"start":{"line":47,"column":12},"end":{"line":49,"column":13}},{"start":{},"end":{}}],"line":47},"4":{"loc":{"start":{"line":58,"column":21},"end":{"line":58,"column":77}},"type":"cond-expr","locations":[{"start":{"line":58,"column":46},"end":{"line":58,"column":59}},{"start":{"line":58,"column":62},"end":{"line":58,"column":77}}],"line":58},"5":{"loc":{"start":{"line":68,"column":10},"end":{"line":73,"column":11}},"type":"if","locations":[{"start":{"line":68,"column":10},"end":{"line":73,"column":11}},{"start":{},"end":{}}],"line":68},"6":{"loc":{"start":{"line":85,"column":21},"end":{"line":85,"column":89}},"type":"cond-expr","locations":[{"start":{"line":85,"column":46},"end":{"line":85,"column":59}},{"start":{"line":85,"column":62},"end":{"line":85,"column":89}}],"line":85}},"s":{"0":1,"1":1,"2":2,"3":1,"4":1,"5":1,"6":0,"7":0,"8":0,"9":0,"10":0,"11":0,"12":0,"13":0,"14":0,"15":0,"16":0,"17":0,"18":0,"19":0,"20":0,"21":0,"22":0,"23":0,"24":0,"25":0,"26":0,"27":0,"28":0,"29":2},"f":{"0":1,"1":2,"2":0,"3":0,"4":0,"5":0,"6":2},"b":{"0":[1,1],"1":[2,2],"2":[0,0],"3":[0,0],"4":[0,0],"5":[0,0],"6":[0,0]},"_coverageSchema":"1a1c01bbd47fc00a2c39e90264f33305004495a9","hash":"9713bec4a1dfad77a4653fca5baa4198349f9230"}
,"/Users/russellgrocott/Projects/kineo-analytics/frontend/src/stores/dashboard-store.ts": {"path":"/Users/russellgrocott/Projects/kineo-analytics/frontend/src/stores/dashboard-store.ts","statementMap":{"0":{"start":{"line":5,"column":23},"end":{"line":5,"column":36}},"1":{"start":{"line":7,"column":26},"end":{"line":132,"column":1}},"2":{"start":{"line":9,"column":19},"end":{"line":129,"column":5}},"3":{"start":{"line":22,"column":59},"end":{"line":22,"column":64}},"4":{"start":{"line":25,"column":25},"end":{"line":25,"column":63}},"5":{"start":{"line":26,"column":20},"end":{"line":26,"column":30}},"6":{"start":{"line":29,"column":8},"end":{"line":35,"column":9}},"7":{"start":{"line":30,"column":10},"end":{"line":33,"column":48}},"8":{"start":{"line":34,"column":10},"end":{"line":34,"column":16}},"9":{"start":{"line":37,"column":8},"end":{"line":37,"column":76}},"10":{"start":{"line":39,"column":8},"end":{"line":83,"column":9}},"11":{"start":{"line":41,"column":30},"end":{"line":41,"column":51}},"12":{"start":{"line":43,"column":10},"end":{"line":46,"column":11}},"13":{"start":{"line":44,"column":12},"end":{"line":44,"column":71}},"14":{"start":{"line":45,"column":12},"end":{"line":45,"column":67}},"15":{"start":{"line":48,"column":10},"end":{"line":50,"column":11}},"16":{"start":{"line":49,"column":12},"end":{"line":49,"column":63}},"17":{"start":{"line":52,"column":27},"end":{"line":52,"column":79}},"18":{"start":{"line":54,"column":10},"end":{"line":56,"column":11}},"19":{"start":{"line":55,"column":12},"end":{"line":55,"column":63}},"20":{"start":{"line":58,"column":23},"end":{"line":58,"column":44}},"21":{"start":{"line":61,"column":27},"end":{"line":64,"column":11}},"22":{"start":{"line":65,"column":33},"end":{"line":68,"column":11}},"23":{"start":{"line":70,"column":10},"end":{"line":77,"column":45}},"24":{"start":{"line":79,"column":10},"end":{"line":82,"column":43}},"25":{"start":{"line":87,"column":8},"end":{"line":89,"column":45}},"26":{"start":{"line":92,"column":8},"end":{"line":92,"column":27}},"27":{"start":{"line":96,"column":8},"end":{"line":96,"column":61}},"28":{"start":{"line":99,"column":8},"end":{"line":99,"column":27}},"29":{"start":{"line":104,"column":8},"end":{"line":107,"column":42}},"30":{"start":{"line":109,"column":8},"end":{"line":109,"column":33}},"31":{"start":{"line":113,"column":8},"end":{"line":120,"column":36}},"32":{"start":{"line":124,"column":8},"end":{"line":127,"column":47}}},"fnMap":{"0":{"name":"(anonymous_0)","decl":{"start":{"line":9,"column":4},"end":{"line":9,"column":5}},"loc":{"start":{"line":9,"column":19},"end":{"line":129,"column":5}},"line":9},"1":{"name":"(anonymous_1)","decl":{"start":{"line":21,"column":19},"end":{"line":21,"column":20}},"loc":{"start":{"line":21,"column":31},"end":{"line":84,"column":7}},"line":21},"2":{"name":"(anonymous_2)","decl":{"start":{"line":86,"column":21},"end":{"line":86,"column":22}},"loc":{"start":{"line":86,"column":55},"end":{"line":93,"column":7}},"line":86},"3":{"name":"(anonymous_3)","decl":{"start":{"line":95,"column":20},"end":{"line":95,"column":21}},"loc":{"start":{"line":95,"column":46},"end":{"line":100,"column":7}},"line":95},"4":{"name":"(anonymous_4)","decl":{"start":{"line":102,"column":19},"end":{"line":102,"column":20}},"loc":{"start":{"line":102,"column":31},"end":{"line":110,"column":7}},"line":102},"5":{"name":"(anonymous_5)","decl":{"start":{"line":112,"column":22},"end":{"line":112,"column":23}},"loc":{"start":{"line":112,"column":28},"end":{"line":121,"column":7}},"line":112},"6":{"name":"(anonymous_6)","decl":{"start":{"line":123,"column":23},"end":{"line":123,"column":24}},"loc":{"start":{"line":123,"column":29},"end":{"line":128,"column":7}},"line":123}},"branchMap":{"0":{"loc":{"start":{"line":29,"column":8},"end":{"line":35,"column":9}},"type":"if","locations":[{"start":{"line":29,"column":8},"end":{"line":35,"column":9}},{"start":{},"end":{}}],"line":29},"1":{"loc":{"start":{"line":29,"column":12},"end":{"line":29,"column":83}},"type":"binary-expr","locations":[{"start":{"line":29,"column":12},"end":{"line":29,"column":27}},{"start":{"line":29,"column":31},"end":{"line":29,"column":52}},{"start":{"line":29,"column":56},"end":{"line":29,"column":83}}],"line":29},"2":{"loc":{"start":{"line":43,"column":10},"end":{"line":46,"column":11}},"type":"if","locations":[{"start":{"line":43,"column":10},"end":{"line":46,"column":11}},{"start":{},"end":{}}],"line":43},"3":{"loc":{"start":{"line":48,"column":10},"end":{"line":50,"column":11}},"type":"if","locations":[{"start":{"line":48,"column":10},"end":{"line":50,"column":11}},{"start":{},"end":{}}],"line":48},"4":{"loc":{"start":{"line":54,"column":10},"end":{"line":56,"column":11}},"type":"if","locations":[{"start":{"line":54,"column":10},"end":{"line":56,"column":11}},{"start":{},"end":{}}],"line":54},"5":{"loc":{"start":{"line":80,"column":19},"end":{"line":80,"column":75}},"type":"cond-expr","locations":[{"start":{"line":80,"column":44},"end":{"line":80,"column":57}},{"start":{"line":80,"column":60},"end":{"line":80,"column":75}}],"line":80}},"s":{"0":1,"1":1,"2":1,"3":2,"4":2,"5":2,"6":2,"7":0,"8":0,"9":2,"10":2,"11":2,"12":2,"13":1,"14":1,"15":2,"16":2,"17":2,"18":0,"19":0,"20":0,"21":0,"22":0,"23":0,"24":2,"25":1,"26":1,"27":1,"28":1,"29":0,"30":0,"31":0,"32":0},"f":{"0":1,"1":2,"2":1,"3":1,"4":0,"5":0,"6":0},"b":{"0":[0,2],"1":[2,0,0],"2":[1,1],"3":[2,0],"4":[0,0],"5":[2,0]},"_coverageSchema":"1a1c01bbd47fc00a2c39e90264f33305004495a9","hash":"23f0632881b378b34bbcc7dbd24237dbebbfa901"}
,"/Users/russellgrocott/Projects/kineo-analytics/frontend/src/stores/index.ts": {"path":"/Users/russellgrocott/Projects/kineo-analytics/frontend/src/stores/index.ts","statementMap":{},"fnMap":{},"branchMap":{},"s":{},"f":{},"b":{}}
,"/Users/russellgrocott/Projects/kineo-analytics/frontend/src/stores/ui-store.ts": {"path":"/Users/russellgrocott/Projects/kineo-analytics/frontend/src/stores/ui-store.ts","statementMap":{"0":{"start":{"line":5,"column":19},"end":{"line":114,"column":1}},"1":{"start":{"line":8,"column":21},"end":{"line":97,"column":7}},"2":{"start":{"line":18,"column":31},"end":{"line":18,"column":42}},"3":{"start":{"line":19,"column":27},"end":{"line":19,"column":70}},"4":{"start":{"line":21,"column":10},"end":{"line":21,"column":60}},"5":{"start":{"line":24,"column":10},"end":{"line":26,"column":11}},"6":{"start":{"line":25,"column":12},"end":{"line":25,"column":57}},"7":{"start":{"line":30,"column":10},"end":{"line":34,"column":11}},"8":{"start":{"line":31,"column":24},"end":{"line":31,"column":69}},"9":{"start":{"line":38,"column":36},"end":{"line":38,"column":41}},"10":{"start":{"line":41,"column":34},"end":{"line":44,"column":11}},"11":{"start":{"line":46,"column":10},"end":{"line":48,"column":42}},"12":{"start":{"line":51,"column":10},"end":{"line":55,"column":11}},"13":{"start":{"line":52,"column":12},"end":{"line":54,"column":40}},"14":{"start":{"line":53,"column":14},"end":{"line":53,"column":58}},"15":{"start":{"line":59,"column":10},"end":{"line":65,"column":11}},"16":{"start":{"line":60,"column":24},"end":{"line":62,"column":13}},"17":{"start":{"line":61,"column":61},"end":{"line":61,"column":72}},"18":{"start":{"line":69,"column":10},"end":{"line":75,"column":11}},"19":{"start":{"line":70,"column":24},"end":{"line":72,"column":13}},"20":{"start":{"line":79,"column":10},"end":{"line":85,"column":11}},"21":{"start":{"line":80,"column":24},"end":{"line":82,"column":13}},"22":{"start":{"line":89,"column":10},"end":{"line":95,"column":11}},"23":{"start":{"line":90,"column":24},"end":{"line":92,"column":13}},"24":{"start":{"line":100,"column":32},"end":{"line":103,"column":9}},"25":{"start":{"line":104,"column":34},"end":{"line":109,"column":9}},"26":{"start":{"line":106,"column":10},"end":{"line":108,"column":11}},"27":{"start":{"line":107,"column":12},"end":{"line":107,"column":60}},"28":{"start":{"line":117,"column":0},"end":{"line":120,"column":1}},"29":{"start":{"line":118,"column":23},"end":{"line":118,"column":50}},"30":{"start":{"line":119,"column":2},"end":{"line":119,"column":51}},"31":{"start":{"line":123,"column":1},"end":{"line":124,"column":1}},"32":{"start":{"line":124,"column":1},"end":{"line":129,"column":1}},"33":{"start":{"line":126,"column":2},"end":{"line":128,"column":3}},"34":{"start":{"line":127,"column":4},"end":{"line":127,"column":52}}},"fnMap":{"0":{"name":"(anonymous_0)","decl":{"start":{"line":8,"column":6},"end":{"line":8,"column":7}},"loc":{"start":{"line":8,"column":21},"end":{"line":97,"column":7}},"line":8},"1":{"name":"(anonymous_1)","decl":{"start":{"line":17,"column":21},"end":{"line":17,"column":22}},"loc":{"start":{"line":17,"column":27},"end":{"line":27,"column":9}},"line":17},"2":{"name":"(anonymous_2)","decl":{"start":{"line":29,"column":23},"end":{"line":29,"column":24}},"loc":{"start":{"line":29,"column":29},"end":{"line":35,"column":9}},"line":29},"3":{"name":"(anonymous_3)","decl":{"start":{"line":31,"column":12},"end":{"line":31,"column":13}},"loc":{"start":{"line":31,"column":24},"end":{"line":31,"column":69}},"line":31},"4":{"name":"(anonymous_4)","decl":{"start":{"line":37,"column":25},"end":{"line":37,"column":26}},"loc":{"start":{"line":37,"column":57},"end":{"line":56,"column":9}},"line":37},"5":{"name":"(anonymous_5)","decl":{"start":{"line":52,"column":23},"end":{"line":52,"column":24}},"loc":{"start":{"line":52,"column":29},"end":{"line":54,"column":13}},"line":52},"6":{"name":"(anonymous_6)","decl":{"start":{"line":58,"column":28},"end":{"line":58,"column":29}},"loc":{"start":{"line":58,"column":44},"end":{"line":66,"column":9}},"line":58},"7":{"name":"(anonymous_7)","decl":{"start":{"line":60,"column":12},"end":{"line":60,"column":13}},"loc":{"start":{"line":60,"column":24},"end":{"line":62,"column":13}},"line":60},"8":{"name":"(anonymous_8)","decl":{"start":{"line":61,"column":56},"end":{"line":61,"column":57}},"loc":{"start":{"line":61,"column":61},"end":{"line":61,"column":72}},"line":61},"9":{"name":"(anonymous_9)","decl":{"start":{"line":68,"column":19},"end":{"line":68,"column":20}},"loc":{"start":{"line":68,"column":40},"end":{"line":76,"column":9}},"line":68},"10":{"name":"(anonymous_10)","decl":{"start":{"line":70,"column":12},"end":{"line":70,"column":13}},"loc":{"start":{"line":70,"column":24},"end":{"line":72,"column":13}},"line":70},"11":{"name":"(anonymous_11)","decl":{"start":{"line":78,"column":20},"end":{"line":78,"column":21}},"loc":{"start":{"line":78,"column":41},"end":{"line":86,"column":9}},"line":78},"12":{"name":"(anonymous_12)","decl":{"start":{"line":80,"column":12},"end":{"line":80,"column":13}},"loc":{"start":{"line":80,"column":24},"end":{"line":82,"column":13}},"line":80},"13":{"name":"(anonymous_13)","decl":{"start":{"line":88,"column":20},"end":{"line":88,"column":21}},"loc":{"start":{"line":88,"column":55},"end":{"line":96,"column":9}},"line":88},"14":{"name":"(anonymous_14)","decl":{"start":{"line":90,"column":12},"end":{"line":90,"column":13}},"loc":{"start":{"line":90,"column":24},"end":{"line":92,"column":13}},"line":90},"15":{"name":"(anonymous_15)","decl":{"start":{"line":100,"column":20},"end":{"line":100,"column":21}},"loc":{"start":{"line":100,"column":32},"end":{"line":103,"column":9}},"line":100},"16":{"name":"(anonymous_16)","decl":{"start":{"line":104,"column":28},"end":{"line":104,"column":29}},"loc":{"start":{"line":104,"column":34},"end":{"line":109,"column":9}},"line":104},"17":{"name":"(anonymous_17)","decl":{"start":{"line":104,"column":34},"end":{"line":104,"column":35}},"loc":{"start":{"line":104,"column":45},"end":{"line":109,"column":9}},"line":104},"18":{"name":"(anonymous_18)","decl":{"start":{"line":124,"column":42},"end":{"line":124,"column":43}},"loc":{"start":{"line":124,"column":58},"end":{"line":129,"column":1}},"line":124}},"branchMap":{"0":{"loc":{"start":{"line":19,"column":27},"end":{"line":19,"column":70}},"type":"cond-expr","locations":[{"start":{"line":19,"column":54},"end":{"line":19,"column":60}},{"start":{"line":19,"column":63},"end":{"line":19,"column":70}}],"line":19},"1":{"loc":{"start":{"line":24,"column":10},"end":{"line":26,"column":11}},"type":"if","locations":[{"start":{"line":24,"column":10},"end":{"line":26,"column":11}},{"start":{},"end":{}}],"line":24},"2":{"loc":{"start":{"line":43,"column":16},"end":{"line":43,"column":80}},"type":"binary-expr","locations":[{"start":{"line":43,"column":16},"end":{"line":43,"column":31}},{"start":{"line":43,"column":35},"end":{"line":43,"column":80}}],"line":43},"3":{"loc":{"start":{"line":51,"column":10},"end":{"line":55,"column":11}},"type":"if","locations":[{"start":{"line":51,"column":10},"end":{"line":55,"column":11}},{"start":{},"end":{}}],"line":51},"4":{"loc":{"start":{"line":51,"column":14},"end":{"line":51,"column":70}},"type":"binary-expr","locations":[{"start":{"line":51,"column":14},"end":{"line":51,"column":38}},{"start":{"line":51,"column":42},"end":{"line":51,"column":70}}],"line":51},"5":{"loc":{"start":{"line":106,"column":10},"end":{"line":108,"column":11}},"type":"if","locations":[{"start":{"line":106,"column":10},"end":{"line":108,"column":11}},{"start":{},"end":{}}],"line":106},"6":{"loc":{"start":{"line":106,"column":14},"end":{"line":106,"column":61}},"type":"binary-expr","locations":[{"start":{"line":106,"column":14},"end":{"line":106,"column":26}},{"start":{"line":106,"column":30},"end":{"line":106,"column":61}}],"line":106},"7":{"loc":{"start":{"line":117,"column":0},"end":{"line":120,"column":1}},"type":"if","locations":[{"start":{"line":117,"column":0},"end":{"line":120,"column":1}},{"start":{},"end":{}}],"line":117},"8":{"loc":{"start":{"line":126,"column":2},"end":{"line":128,"column":3}},"type":"if","locations":[{"start":{"line":126,"column":2},"end":{"line":128,"column":3}},{"start":{},"end":{}}],"line":126},"9":{"loc":{"start":{"line":126,"column":6},"end":{"line":126,"column":53}},"type":"binary-expr","locations":[{"start":{"line":126,"column":6},"end":{"line":126,"column":18}},{"start":{"line":126,"column":22},"end":{"line":126,"column":53}}],"line":126}},"s":{"0":1,"1":1,"2":2,"3":2,"4":2,"5":2,"6":2,"7":0,"8":0,"9":1,"10":1,"11":1,"12":1,"13":1,"14":0,"15":1,"16":1,"17":1,"18":0,"19":0,"20":0,"21":0,"22":0,"23":0,"24":4,"25":1,"26":1,"27":1,"28":1,"29":1,"30":1,"31":1,"32":1,"33":0,"34":0},"f":{"0":1,"1":2,"2":0,"3":0,"4":1,"5":0,"6":1,"7":1,"8":1,"9":0,"10":0,"11":0,"12":0,"13":0,"14":0,"15":4,"16":1,"17":1,"18":0},"b":{"0":[1,1],"1":[2,0],"2":[1,0],"3":[1,0],"4":[1,1],"5":[1,0],"6":[1,1],"7":[1,0],"8":[0,0],"9":[0,0]},"_coverageSchema":"1a1c01bbd47fc00a2c39e90264f33305004495a9","hash":"6b6857ef4eefbab7577cbe81b8330c789bcaa2d0"}
,"/Users/russellgrocott/Projects/kineo-analytics/frontend/src/utils/customer.ts": {"path":"/Users/russellgrocott/Projects/kineo-analytics/frontend/src/utils/customer.ts","statementMap":{"0":{"start":{"line":16,"column":15},"end":{"line":16,"column":42}},"1":{"start":{"line":17,"column":2},"end":{"line":17,"column":24}},"2":{"start":{"line":17,"column":13},"end":{"line":17,"column":24}},"3":{"start":{"line":20,"column":20},"end":{"line":20,"column":38}},"4":{"start":{"line":21,"column":2},"end":{"line":23,"column":3}},"5":{"start":{"line":22,"column":4},"end":{"line":22,"column":20}},"6":{"start":{"line":25,"column":2},"end":{"line":25,"column":13}},"7":{"start":{"line":29,"column":2},"end":{"line":34,"column":3}}},"fnMap":{"0":{"name":"extractCustomerFromRequest","decl":{"start":{"line":14,"column":16},"end":{"line":14,"column":42}},"loc":{"start":{"line":14,"column":80},"end":{"line":26,"column":1}},"line":14},"1":{"name":"validateCustomerData","decl":{"start":{"line":28,"column":16},"end":{"line":28,"column":36}},"loc":{"start":{"line":28,"column":74},"end":{"line":35,"column":1}},"line":28}},"branchMap":{"0":{"loc":{"start":{"line":17,"column":2},"end":{"line":17,"column":24}},"type":"if","locations":[{"start":{"line":17,"column":2},"end":{"line":17,"column":24}},{"start":{},"end":{}}],"line":17},"1":{"loc":{"start":{"line":21,"column":2},"end":{"line":23,"column":3}},"type":"if","locations":[{"start":{"line":21,"column":2},"end":{"line":23,"column":3}},{"start":{},"end":{}}],"line":21},"2":{"loc":{"start":{"line":21,"column":6},"end":{"line":21,"column":38}},"type":"binary-expr","locations":[{"start":{"line":21,"column":6},"end":{"line":21,"column":15}},{"start":{"line":21,"column":19},"end":{"line":21,"column":38}}],"line":21},"3":{"loc":{"start":{"line":30,"column":4},"end":{"line":33,"column":42}},"type":"binary-expr","locations":[{"start":{"line":30,"column":4},"end":{"line":30,"column":12}},{"start":{"line":31,"column":4},"end":{"line":31,"column":35}},{"start":{"line":32,"column":4},"end":{"line":32,"column":37}},{"start":{"line":33,"column":4},"end":{"line":33,"column":42}}],"line":30}},"s":{"0":0,"1":0,"2":0,"3":0,"4":0,"5":0,"6":0,"7":2},"f":{"0":0,"1":2},"b":{"0":[0,0],"1":[0,0],"2":[0,0],"3":[2,2,2,1]},"_coverageSchema":"1a1c01bbd47fc00a2c39e90264f33305004495a9","hash":"d3061d7dde9f23fd037eefb5531734f30c2fb503"}
,"/Users/russellgrocott/Projects/kineo-analytics/frontend/src/utils/routeProtection.ts": {"path":"/Users/russellgrocott/Projects/kineo-analytics/frontend/src/utils/routeProtection.ts","statementMap":{"0":{"start":{"line":5,"column":19},"end":{"line":5,"column":43}},"1":{"start":{"line":8,"column":23},"end":{"line":8,"column":51}},"2":{"start":{"line":10,"column":2},"end":{"line":12,"column":3}},"3":{"start":{"line":11,"column":4},"end":{"line":11,"column":15}},"4":{"start":{"line":15,"column":21},"end":{"line":15,"column":56}},"5":{"start":{"line":17,"column":2},"end":{"line":20,"column":3}},"6":{"start":{"line":19,"column":4},"end":{"line":19,"column":64}},"7":{"start":{"line":23,"column":19},"end":{"line":23,"column":38}},"8":{"start":{"line":24,"column":2},"end":{"line":24,"column":51}},"9":{"start":{"line":26,"column":2},"end":{"line":26,"column":17}}},"fnMap":{"0":{"name":"protectRoute","decl":{"start":{"line":4,"column":16},"end":{"line":4,"column":28}},"loc":{"start":{"line":4,"column":72},"end":{"line":27,"column":1}},"line":4}},"branchMap":{"0":{"loc":{"start":{"line":10,"column":2},"end":{"line":12,"column":3}},"type":"if","locations":[{"start":{"line":10,"column":2},"end":{"line":12,"column":3}},{"start":{},"end":{}}],"line":10},"1":{"loc":{"start":{"line":17,"column":2},"end":{"line":20,"column":3}},"type":"if","locations":[{"start":{"line":17,"column":2},"end":{"line":20,"column":3}},{"start":{},"end":{}}],"line":17}},"s":{"0":0,"1":0,"2":0,"3":0,"4":0,"5":0,"6":0,"7":0,"8":0,"9":0},"f":{"0":0},"b":{"0":[0,0],"1":[0,0]}}
}
