TN:
SF:src/components/layout/AppLayout.tsx
FN:11,AppLayout
FNF:1
FNH:0
FNDA:0,AppLayout
DA:12,0
DA:13,0
DA:15,0
LF:3
LH:0
BRDA:16,0,0,0
BRDA:16,0,1,0
BRDA:20,1,0,0
BRDA:20,1,1,0
BRF:4
BRH:0
end_of_record
TN:
SF:src/components/layout/CustomerContainer.tsx
FN:6,CustomerContainer
FNF:1
FNH:0
FNDA:0,CustomerContainer
DA:7,0
LF:1
LH:0
BRF:0
BRH:0
end_of_record
TN:
SF:src/components/layout/DashboardHeader.tsx
FN:11,DashboardHeader
FNF:1
FNH:0
FNDA:0,DashboardHeader
DA:12,0
DA:13,0
DA:15,0
LF:3
LH:0
BRDA:11,0,0,0
BRDA:26,1,0,0
BRDA:26,1,1,0
BRDA:28,2,0,0
BRDA:28,2,1,0
BRDA:40,3,0,0
BRDA:40,3,1,0
BRDA:40,3,2,0
BRDA:48,4,0,0
BRDA:48,4,1,0
BRF:10
BRH:0
end_of_record
TN:
SF:src/components/layout/Sidebar.tsx
FN:10,Sidebar
FN:41,(anonymous_1)
FNF:2
FNH:0
FNDA:0,Sidebar
FNDA:0,(anonymous_1)
DA:11,0
DA:12,0
DA:13,0
DA:20,0
DA:42,0
LF:5
LH:0
BRDA:10,0,0,0
BRDA:21,1,0,0
BRDA:21,1,1,0
BRDA:23,2,0,0
BRDA:23,2,1,0
BRDA:29,3,0,0
BRDA:29,3,1,0
BRDA:32,4,0,0
BRDA:32,4,1,0
BRDA:46,5,0,0
BRDA:46,5,1,0
BRDA:49,6,0,0
BRDA:49,6,1,0
BRF:13
BRH:0
end_of_record
TN:
SF:src/contexts/CustomerContext.tsx
FN:14,CustomerProvider
FN:25,useCustomer
FNF:2
FNH:0
FNDA:0,CustomerProvider
FNDA:0,useCustomer
DA:12,0
DA:16,0
DA:18,0
DA:26,0
DA:27,0
DA:28,0
DA:30,0
LF:7
LH:0
BRDA:27,0,0,0
BRDA:27,0,1,0
BRF:2
BRH:0
end_of_record
TN:
SF:src/hooks/useCustomer.ts
FN:3,(anonymous_0)
FNF:1
FNH:0
FNDA:0,(anonymous_0)
DA:3,0
DA:4,0
LF:2
LH:0
BRF:0
BRH:0
end_of_record
TN:
SF:src/hooks/useCustomerAuth.ts
FN:4,(anonymous_0)
FNF:1
FNH:0
FNDA:0,(anonymous_0)
DA:4,0
DA:5,0
DA:6,0
DA:8,0
LF:4
LH:0
BRF:0
BRH:0
end_of_record
TN:
SF:src/hooks/useCustomerData.ts
FN:3,(anonymous_0)
FNF:1
FNH:0
FNDA:0,(anonymous_0)
DA:3,0
DA:12,0
DA:14,0
LF:3
LH:0
BRF:0
BRH:0
end_of_record
TN:
SF:src/stores/auth-store.ts
FN:8,(anonymous_0)
FN:18,(anonymous_1)
FN:29,(anonymous_2)
FN:40,(anonymous_3)
FN:80,(anonymous_4)
FN:84,(anonymous_5)
FN:95,(anonymous_6)
FNF:7
FNH:3
FNDA:1,(anonymous_0)
FNDA:1,(anonymous_1)
FNDA:0,(anonymous_2)
FNDA:0,(anonymous_3)
FNDA:0,(anonymous_4)
FNDA:0,(anonymous_5)
FNDA:1,(anonymous_6)
DA:5,1
DA:8,1
DA:19,1
DA:30,0
DA:41,0
DA:42,0
DA:43,0
DA:44,0
DA:47,0
DA:49,0
DA:51,0
DA:59,0
DA:60,0
DA:63,0
DA:65,0
DA:72,0
DA:76,0
DA:81,0
DA:85,0
DA:86,0
DA:88,0
DA:95,1
LF:22
LH:4
BRDA:42,0,0,0
BRDA:42,0,1,0
BRDA:59,1,0,0
BRDA:59,1,1,0
BRDA:73,2,0,0
BRDA:73,2,1,0
BRDA:86,3,0,0
BRDA:86,3,1,0
BRF:8
BRH:0
end_of_record
TN:
SF:src/stores/customer-store.ts
FN:9,(anonymous_0)
FN:17,(anonymous_1)
FN:31,(anonymous_2)
FN:64,(anonymous_3)
FN:66,(anonymous_4)
FN:91,(anonymous_5)
FN:102,(anonymous_6)
FNF:7
FNH:3
FNDA:1,(anonymous_0)
FNDA:2,(anonymous_1)
FNDA:0,(anonymous_2)
FNDA:0,(anonymous_3)
FNDA:0,(anonymous_4)
FNDA:0,(anonymous_5)
FNDA:2,(anonymous_6)
DA:6,1
DA:9,1
DA:18,2
DA:19,1
DA:22,1
DA:25,1
DA:32,0
DA:34,0
DA:36,0
DA:38,0
DA:39,0
DA:42,0
DA:45,0
DA:47,0
DA:48,0
DA:51,0
DA:57,0
DA:65,0
DA:66,0
DA:68,0
DA:69,0
DA:72,0
DA:75,0
DA:77,0
DA:80,0
DA:82,0
DA:84,0
DA:92,0
DA:102,2
LF:29
LH:7
BRDA:18,0,0,1
BRDA:18,0,1,1
BRDA:18,1,0,2
BRDA:18,1,1,2
BRDA:38,2,0,0
BRDA:38,2,1,0
BRDA:47,3,0,0
BRDA:47,3,1,0
BRDA:58,4,0,0
BRDA:58,4,1,0
BRDA:68,5,0,0
BRDA:68,5,1,0
BRDA:85,6,0,0
BRDA:85,6,1,0
BRF:14
BRH:4
end_of_record
TN:
SF:src/stores/dashboard-store.ts
FN:9,(anonymous_0)
FN:21,(anonymous_1)
FN:86,(anonymous_2)
FN:95,(anonymous_3)
FN:102,(anonymous_4)
FN:112,(anonymous_5)
FN:123,(anonymous_6)
FNF:7
FNH:4
FNDA:1,(anonymous_0)
FNDA:2,(anonymous_1)
FNDA:1,(anonymous_2)
FNDA:1,(anonymous_3)
FNDA:0,(anonymous_4)
FNDA:0,(anonymous_5)
FNDA:0,(anonymous_6)
DA:5,1
DA:7,1
DA:9,1
DA:22,2
DA:25,2
DA:26,2
DA:29,2
DA:30,0
DA:34,0
DA:37,2
DA:39,2
DA:41,2
DA:43,2
DA:44,1
DA:45,1
DA:48,2
DA:49,2
DA:52,2
DA:54,0
DA:55,0
DA:58,0
DA:61,0
DA:65,0
DA:70,0
DA:79,2
DA:87,1
DA:92,1
DA:96,1
DA:99,1
DA:104,0
DA:109,0
DA:113,0
DA:124,0
LF:33
LH:21
BRDA:29,0,0,0
BRDA:29,0,1,2
BRDA:29,1,0,2
BRDA:29,1,1,0
BRDA:29,1,2,0
BRDA:43,2,0,1
BRDA:43,2,1,1
BRDA:48,3,0,2
BRDA:48,3,1,0
BRDA:54,4,0,0
BRDA:54,4,1,0
BRDA:80,5,0,2
BRDA:80,5,1,0
BRF:13
BRH:6
end_of_record
TN:
SF:src/stores/index.ts
FNF:0
FNH:0
LF:0
LH:0
BRF:0
BRH:0
end_of_record
TN:
SF:src/stores/ui-store.ts
FN:8,(anonymous_0)
FN:17,(anonymous_1)
FN:29,(anonymous_2)
FN:31,(anonymous_3)
FN:37,(anonymous_4)
FN:52,(anonymous_5)
FN:58,(anonymous_6)
FN:60,(anonymous_7)
FN:61,(anonymous_8)
FN:68,(anonymous_9)
FN:70,(anonymous_10)
FN:78,(anonymous_11)
FN:80,(anonymous_12)
FN:88,(anonymous_13)
FN:90,(anonymous_14)
FN:100,(anonymous_15)
FN:104,(anonymous_16)
FN:104,(anonymous_17)
FN:124,(anonymous_18)
FNF:19
FNH:9
FNDA:1,(anonymous_0)
FNDA:2,(anonymous_1)
FNDA:0,(anonymous_2)
FNDA:0,(anonymous_3)
FNDA:1,(anonymous_4)
FNDA:0,(anonymous_5)
FNDA:1,(anonymous_6)
FNDA:1,(anonymous_7)
FNDA:1,(anonymous_8)
FNDA:0,(anonymous_9)
FNDA:0,(anonymous_10)
FNDA:0,(anonymous_11)
FNDA:0,(anonymous_12)
FNDA:0,(anonymous_13)
FNDA:0,(anonymous_14)
FNDA:4,(anonymous_15)
FNDA:1,(anonymous_16)
FNDA:1,(anonymous_17)
FNDA:0,(anonymous_18)
DA:5,1
DA:8,1
DA:18,2
DA:19,2
DA:21,2
DA:24,2
DA:25,2
DA:30,0
DA:31,0
DA:38,1
DA:41,1
DA:46,1
DA:51,1
DA:52,1
DA:53,0
DA:59,1
DA:60,1
DA:61,1
DA:69,0
DA:70,0
DA:79,0
DA:80,0
DA:89,0
DA:90,0
DA:100,4
DA:104,1
DA:106,1
DA:107,1
DA:117,1
DA:118,1
DA:119,1
DA:123,1
DA:124,1
DA:126,0
DA:127,0
LF:35
LH:24
BRDA:19,0,0,1
BRDA:19,0,1,1
BRDA:24,1,0,2
BRDA:24,1,1,0
BRDA:43,2,0,1
BRDA:43,2,1,0
BRDA:51,3,0,1
BRDA:51,3,1,0
BRDA:51,4,0,1
BRDA:51,4,1,1
BRDA:106,5,0,1
BRDA:106,5,1,0
BRDA:106,6,0,1
BRDA:106,6,1,1
BRDA:117,7,0,1
BRDA:117,7,1,0
BRDA:126,8,0,0
BRDA:126,8,1,0
BRDA:126,9,0,0
BRDA:126,9,1,0
BRF:20
BRH:11
end_of_record
TN:
SF:src/utils/customer.ts
FN:14,extractCustomerFromRequest
FN:28,validateCustomerData
FNF:2
FNH:1
FNDA:0,extractCustomerFromRequest
FNDA:2,validateCustomerData
DA:16,0
DA:17,0
DA:20,0
DA:21,0
DA:22,0
DA:25,0
DA:29,2
LF:7
LH:1
BRDA:17,0,0,0
BRDA:17,0,1,0
BRDA:21,1,0,0
BRDA:21,1,1,0
BRDA:21,2,0,0
BRDA:21,2,1,0
BRDA:30,3,0,2
BRDA:30,3,1,2
BRDA:30,3,2,2
BRDA:30,3,3,1
BRF:10
BRH:4
end_of_record
TN:
SF:src/utils/routeProtection.ts
FN:4,protectRoute
FNF:1
FNH:0
FNDA:0,protectRoute
DA:5,0
DA:8,0
DA:10,0
DA:11,0
DA:15,0
DA:17,0
DA:19,0
DA:23,0
DA:24,0
DA:26,0
LF:10
LH:0
BRDA:10,0,0,0
BRDA:10,0,1,0
BRDA:17,1,0,0
BRDA:17,1,1,0
BRF:4
BRH:0
end_of_record
